  main.cpp
C:\Users\hapym\Desktop\CppGames\FunGame\FunGame\main.cpp(15,12): warning C4244: 'argument': conversion from 'time_t' to 'unsigned int', possible loss of data
C:\Users\hapym\Desktop\CppGames\FunGame\FunGame\main.cpp(107,78): warning C4244: 'argument': conversion from 'T' to 'T', possible loss of data
          with
          [
              T=unsigned int
          ]
          and
          [
              T=float
          ]
C:\Users\hapym\Desktop\CppGames\FunGame\FunGame\main.cpp(107,58): warning C4244: 'argument': conversion from 'T' to 'T', possible loss of data
          with
          [
              T=unsigned int
          ]
          and
          [
              T=float
          ]
  Generating code
  6 of 397 functions ( 1.5%) were compiled, the rest were copied from previous compilation.
    0 functions were new in current compilation
    0 functions had inline decision re-evaluated but remain unchanged
  Finished generating code
  FunGame.vcxproj -> C:\Users\hapym\Desktop\CppGames\FunGame\x64\Release\FunGame.exe
